<?xml version="1.0" encoding="UTF-8"?>
<testsuites>
	<testsuite name="TestTodoApp-20240715211732" tests="7" file=".py" time="6.917" timestamp="2024-07-15T21:17:39" failures="0" errors="0" skipped="0">
		<testcase classname="TestTodoApp" name="test_add_empty_task" time="6.212" timestamp="2024-07-15T21:17:38" file="test_main.py" line="53"/>
		<testcase classname="TestTodoApp" name="test_add_task" time="0.107" timestamp="2024-07-15T21:17:38" file="test_main.py" line="18"/>
		<testcase classname="TestTodoApp" name="test_delete_task" time="0.114" timestamp="2024-07-15T21:17:38" file="test_main.py" line="24"/>
		<testcase classname="TestTodoApp" name="test_edit_task" time="0.129" timestamp="2024-07-15T21:17:38" file="test_main.py" line="31"/>
		<testcase classname="TestTodoApp" name="test_mark_task_completed" time="0.120" timestamp="2024-07-15T21:17:38" file="test_main.py" line="59"/>
		<testcase classname="TestTodoApp" name="test_toggle_task_completion" time="0.116" timestamp="2024-07-15T21:17:39" file="test_main.py" line="42"/>
		<testcase classname="TestTodoApp" name="test_unmark_task_completed" time="0.118" timestamp="2024-07-15T21:17:39" file="test_main.py" line="67"/>
	</testsuite>
</testsuites>
